The system is: Windows - 10.0.19045 - AMD64
Compiling the C compiler identification source file "CMakeCCompilerId.c" succeeded.
Compiler: C:/Program Files/Microsoft Visual Studio/2022/Community/VC/Tools/MSVC/14.30.30705/bin/Hostx86/x86/cl.exe 
Build flags: 
Id flags:  

The output was:
0
x86Ïö© Microsoft (R) C/C++ ÏµúÏ†ÅÌôî Ïª¥ÌååÏùºÎü¨ Î≤ÑÏ†Ñ 19.30.30706
Copyright (c) Microsoft Corporation. All rights reserved.

CMakeCCompilerId.c
Microsoft (R) Incremental Linker Version 14.30.30706.0
Copyright (C) Microsoft Corporation.  All rights reserved.

/out:CMakeCCompilerId.exe 
CMakeCCompilerId.obj 


Compilation of the C compiler identification source "CMakeCCompilerId.c" produced "CMakeCCompilerId.exe"

Compilation of the C compiler identification source "CMakeCCompilerId.c" produced "CMakeCCompilerId.obj"

The C compiler identification is MSVC, found in "C:/Users/CMS/CLionProjects/Lib_cpp_v/cmake-build-debug/CMakeFiles/3.24.2/CompilerIdC/CMakeCCompilerId.exe"

Compiling the CXX compiler identification source file "CMakeCXXCompilerId.cpp" succeeded.
Compiler: C:/Program Files/Microsoft Visual Studio/2022/Community/VC/Tools/MSVC/14.30.30705/bin/Hostx86/x86/cl.exe 
Build flags: 
Id flags:  

The output was:
0
x86Ïö© Microsoft (R) C/C++ ÏµúÏ†ÅÌôî Ïª¥ÌååÏùºÎü¨ Î≤ÑÏ†Ñ 19.30.30706
Copyright (c) Microsoft Corporation. All rights reserved.

CMakeCXXCompilerId.cpp
Microsoft (R) Incremental Linker Version 14.30.30706.0
Copyright (C) Microsoft Corporation.  All rights reserved.

/out:CMakeCXXCompilerId.exe 
CMakeCXXCompilerId.obj 


Compilation of the CXX compiler identification source "CMakeCXXCompilerId.cpp" produced "CMakeCXXCompilerId.exe"

Compilation of the CXX compiler identification source "CMakeCXXCompilerId.cpp" produced "CMakeCXXCompilerId.obj"

The CXX compiler identification is MSVC, found in "C:/Users/CMS/CLionProjects/Lib_cpp_v/cmake-build-debug/CMakeFiles/3.24.2/CompilerIdCXX/CMakeCXXCompilerId.exe"

Detecting C compiler ABI info compiled with the following output:
Change Dir: C:/Users/CMS/CLionProjects/Lib_cpp_v/cmake-build-debug/CMakeFiles/CMakeTmp

Run Build Command(s):nmake -f Makefile /nologo cmTC_b20bc\fast && 	"C:\Program Files\Microsoft Visual Studio\2022\Community\VC\Tools\MSVC\14.30.30705\bin\HostX86\x86\nmake.exe"  -f CMakeFiles\cmTC_b20bc.dir\build.make /nologo -L                  CMakeFiles\cmTC_b20bc.dir\build
Building C object CMakeFiles/cmTC_b20bc.dir/CMakeCCompilerABI.c.obj
	"C:\Program Files\JetBrains\CLion 2022.1.3\bin\cmake\win\x64\bin\cmake.exe" -E cmake_cl_compile_depends --dep-file=CMakeFiles\cmTC_b20bc.dir\CMakeCCompilerABI.c.obj.d --working-dir=C:\Users\CMS\CLionProjects\Lib_cpp_v\cmake-build-debug\CMakeFiles\CMakeTmp --filter-prefix="Ï∞∏Í≥†: ?¨Ìï® ?åÏùº: " -- C:\PROGRA~1\MICROS~4\2022\COMMUN~1\VC\Tools\MSVC\1430~1.307\bin\Hostx86\x86\cl.exe @C:\Users\CMS\AppData\Local\Temp\nm82B9.tmp
CMakeCCompilerABI.c
Ï∞∏Í≥†: Ìè¨Ìï® ÌååÏùº: C:\Program Files\JetBrains\CLion 2022.1.3\bin\cmake\win\x64\share\cmake-3.24\Modules\CMakeCompilerABI.h
Linking C executable cmTC_b20bc.exe
	"C:\Program Files\JetBrains\CLion 2022.1.3\bin\cmake\win\x64\bin\cmake.exe" -E vs_link_exe --intdir=CMakeFiles\cmTC_b20bc.dir --rc=C:\PROGRA~2\WI3CF2~1\10\bin\100190~1.0\x86\rc.exe --mt=C:\PROGRA~2\WI3CF2~1\10\bin\100190~1.0\x86\mt.exe --manifests -- C:\PROGRA~1\MICROS~4\2022\COMMUN~1\VC\Tools\MSVC\1430~1.307\bin\Hostx86\x86\link.exe /nologo @CMakeFiles\cmTC_b20bc.dir\objects1.rsp @C:\Users\CMS\AppData\Local\Temp\nm8450.tmp



Detecting CXX compiler ABI info compiled with the following output:
Change Dir: C:/Users/CMS/CLionProjects/Lib_cpp_v/cmake-build-debug/CMakeFiles/CMakeTmp

Run Build Command(s):nmake -f Makefile /nologo cmTC_9334b\fast && 	"C:\Program Files\Microsoft Visual Studio\2022\Community\VC\Tools\MSVC\14.30.30705\bin\HostX86\x86\nmake.exe"  -f CMakeFiles\cmTC_9334b.dir\build.make /nologo -L                  CMakeFiles\cmTC_9334b.dir\build
Building CXX object CMakeFiles/cmTC_9334b.dir/CMakeCXXCompilerABI.cpp.obj
	"C:\Program Files\JetBrains\CLion 2022.1.3\bin\cmake\win\x64\bin\cmake.exe" -E cmake_cl_compile_depends --dep-file=CMakeFiles\cmTC_9334b.dir\CMakeCXXCompilerABI.cpp.obj.d --working-dir=C:\Users\CMS\CLionProjects\Lib_cpp_v\cmake-build-debug\CMakeFiles\CMakeTmp --filter-prefix="Ï∞∏Í≥†: ?¨Ìï® ?åÏùº: " -- C:\PROGRA~1\MICROS~4\2022\COMMUN~1\VC\Tools\MSVC\1430~1.307\bin\Hostx86\x86\cl.exe @C:\Users\CMS\AppData\Local\Temp\nm86C0.tmp
CMakeCXXCompilerABI.cpp
Ï∞∏Í≥†: Ìè¨Ìï® ÌååÏùº: C:\Program Files\JetBrains\CLion 2022.1.3\bin\cmake\win\x64\share\cmake-3.24\Modules\CMakeCompilerABI.h
Linking CXX executable cmTC_9334b.exe
	"C:\Program Files\JetBrains\CLion 2022.1.3\bin\cmake\win\x64\bin\cmake.exe" -E vs_link_exe --intdir=CMakeFiles\cmTC_9334b.dir --rc=C:\PROGRA~2\WI3CF2~1\10\bin\100190~1.0\x86\rc.exe --mt=C:\PROGRA~2\WI3CF2~1\10\bin\100190~1.0\x86\mt.exe --manifests -- C:\PROGRA~1\MICROS~4\2022\COMMUN~1\VC\Tools\MSVC\1430~1.307\bin\Hostx86\x86\link.exe /nologo @CMakeFiles\cmTC_9334b.dir\objects1.rsp @C:\Users\CMS\AppData\Local\Temp\nm874E.tmp



